android/app/build/intermediates/manifest_merge_blame_file/release/processReleaseMainManifest/manifest-merger-blame-release-report.txt
1<?xml version="1.0" encoding="utf-8"?>
2<manifest xmlns:android="http://schemas.android.com/apk/res/android"
3    package="com.ShMJqnAZKkEl.natively"
4    android:versionCode="1"
5    android:versionName="1.0" >
6
7    <uses-sdk
8        android:minSdkVersion="24"
9        android:targetSdkVersion="36" />
10
11    <!-- Permissions -->
12
13    <uses-permission android:name="android.permission.INTERNET" />
13-->src\main\AndroidManifest.xml:35:5-67
13-->src\main\AndroidManifest.xml:35:22-64
14    <uses-permission android:name="android.permission.ACCESS_NETWORK_STATE" />
14-->src\main\AndroidManifest.xml:36:5-79
14-->src\main\AndroidManifest.xml:36:22-76
15    <!-- Delivery location capture (ProfilePage) -->
16    <uses-permission android:name="android.permission.ACCESS_COARSE_LOCATION" />
16-->src\main\AndroidManifest.xml:38:5-81
16-->src\main\AndroidManifest.xml:38:22-78
17    <uses-permission android:name="android.permission.ACCESS_FINE_LOCATION" />
17-->src\main\AndroidManifest.xml:39:5-79
17-->src\main\AndroidManifest.xml:39:22-76
18    <!-- Photo capture / barcode camera (vendor stock page) and voice notes (live chat) -->
19    <uses-permission android:name="android.permission.CAMERA" />
19-->src\main\AndroidManifest.xml:41:5-65
19-->src\main\AndroidManifest.xml:41:22-62
20    <uses-permission android:name="android.permission.RECORD_AUDIO" />
20-->src\main\AndroidManifest.xml:42:5-71
20-->src\main\AndroidManifest.xml:42:22-68
21    <uses-permission android:name="android.permission.MODIFY_AUDIO_SETTINGS" />
21-->src\main\AndroidManifest.xml:43:5-80
21-->src\main\AndroidManifest.xml:43:22-77
22    <!-- Order-update notifications (Android 13+) -->
23    <uses-permission android:name="android.permission.POST_NOTIFICATIONS" />
23-->src\main\AndroidManifest.xml:45:5-77
23-->src\main\AndroidManifest.xml:45:22-74
24
25    <uses-feature
25-->src\main\AndroidManifest.xml:54:5-85
26        android:name="android.hardware.camera"
26-->src\main\AndroidManifest.xml:54:19-57
27        android:required="false" />
27-->src\main\AndroidManifest.xml:54:58-82
28    <uses-feature
28-->src\main\AndroidManifest.xml:55:5-89
29        android:name="android.hardware.microphone"
29-->src\main\AndroidManifest.xml:55:19-61
30        android:required="false" />
30-->src\main\AndroidManifest.xml:55:62-86
31    <uses-feature
31-->src\main\AndroidManifest.xml:56:5-91
32        android:name="android.hardware.location.gps"
32-->src\main\AndroidManifest.xml:56:19-63
33        android:required="false" />
33-->src\main\AndroidManifest.xml:56:64-88
34
35    <uses-permission android:name="android.permission.RECEIVE_BOOT_COMPLETED" />
35-->[:capacitor-local-notifications] AndroidManifest.xml:7:5-81
35-->[:capacitor-local-notifications] AndroidManifest.xml:7:22-78
36    <uses-permission android:name="android.permission.WAKE_LOCK" />
36-->[:capacitor-local-notifications] AndroidManifest.xml:8:5-68
36-->[:capacitor-local-notifications] AndroidManifest.xml:8:22-65
37    <uses-permission android:name="android.permission.SCHEDULE_EXACT_ALARM" />
37-->[:capacitor-local-notifications] AndroidManifest.xml:10:5-79
37-->[:capacitor-local-notifications] AndroidManifest.xml:10:22-76
38
39    <permission
39-->[androidx.core:core:1.17.0] AndroidManifest.xml:22:5-24:47
40        android:name="com.ShMJqnAZKkEl.natively.DYNAMIC_RECEIVER_NOT_EXPORTED_PERMISSION"
40-->[androidx.core:core:1.17.0] AndroidManifest.xml:23:9-81
41        android:protectionLevel="signature" />
41-->[androidx.core:core:1.17.0] AndroidManifest.xml:24:9-44
42
43    <uses-permission android:name="com.ShMJqnAZKkEl.natively.DYNAMIC_RECEIVER_NOT_EXPORTED_PERMISSION" />
43-->[androidx.core:core:1.17.0] AndroidManifest.xml:26:5-97
43-->[androidx.core:core:1.17.0] AndroidManifest.xml:26:22-94
44
45    <application
45-->src\main\AndroidManifest.xml:4:5-31:19
46        android:allowBackup="true"
46-->src\main\AndroidManifest.xml:5:9-35
47        android:appComponentFactory="androidx.core.app.CoreComponentFactory"
47-->[androidx.core:core:1.17.0] AndroidManifest.xml:28:18-86
48        android:extractNativeLibs="false"
49        android:icon="@mipmap/ic_launcher"
49-->src\main\AndroidManifest.xml:6:9-43
50        android:label="@string/app_name"
50-->src\main\AndroidManifest.xml:7:9-41
51        android:roundIcon="@mipmap/ic_launcher_round"
51-->src\main\AndroidManifest.xml:8:9-54
52        android:supportsRtl="true"
52-->src\main\AndroidManifest.xml:9:9-35
53        android:theme="@style/AppTheme" >
53-->src\main\AndroidManifest.xml:10:9-40
54        <activity
54-->src\main\AndroidManifest.xml:11:9-22:20
55            android:name="com.handyman.app.MainActivity"
55-->src\main\AndroidManifest.xml:13:13-41
56            android:configChanges="orientation|keyboardHidden|keyboard|screenSize|locale|smallestScreenSize|screenLayout|uiMode|navigation|density"
56-->src\main\AndroidManifest.xml:12:13-148
57            android:exported="true"
57-->src\main\AndroidManifest.xml:17:13-36
58            android:label="@string/title_activity_main"
58-->src\main\AndroidManifest.xml:14:13-56
59            android:launchMode="singleTask"
59-->src\main\AndroidManifest.xml:16:13-44
60            android:theme="@style/AppTheme.NoActionBarLaunch" >
60-->src\main\AndroidManifest.xml:15:13-62
61            <intent-filter>
61-->src\main\AndroidManifest.xml:18:13-21:29
62                <action android:name="android.intent.action.MAIN" />
62-->src\main\AndroidManifest.xml:19:17-69
62-->src\main\AndroidManifest.xml:19:25-66
63
64                <category android:name="android.intent.category.LAUNCHER" />
64-->src\main\AndroidManifest.xml:20:17-77
64-->src\main\AndroidManifest.xml:20:27-74
65            </intent-filter>
66        </activity>
67
68        <provider
69            android:name="androidx.core.content.FileProvider"
69-->src\main\AndroidManifest.xml:25:13-62
70            android:authorities="com.ShMJqnAZKkEl.natively.fileprovider"
70-->src\main\AndroidManifest.xml:26:13-64
71            android:exported="false"
71-->src\main\AndroidManifest.xml:27:13-37
72            android:grantUriPermissions="true" >
72-->src\main\AndroidManifest.xml:28:13-47
73            <meta-data
73-->src\main\AndroidManifest.xml:29:13-112
74                android:name="android.support.FILE_PROVIDER_PATHS"
74-->src\main\AndroidManifest.xml:29:24-74
75                android:resource="@xml/file_paths" />
75-->src\main\AndroidManifest.xml:29:75-109
76        </provider>
77
78        <receiver android:name="com.capacitorjs.plugins.localnotifications.TimedNotificationPublisher" />
78-->[:capacitor-local-notifications] AndroidManifest.xml:13:9-106
78-->[:capacitor-local-notifications] AndroidManifest.xml:13:19-103
79        <receiver android:name="com.capacitorjs.plugins.localnotifications.NotificationDismissReceiver" />
79-->[:capacitor-local-notifications] AndroidManifest.xml:14:9-107
79-->[:capacitor-local-notifications] AndroidManifest.xml:14:19-104
80        <receiver
80-->[:capacitor-local-notifications] AndroidManifest.xml:15:9-24:20
81            android:name="com.capacitorjs.plugins.localnotifications.LocalNotificationRestoreReceiver"
81-->[:capacitor-local-notifications] AndroidManifest.xml:16:13-103
82            android:directBootAware="true"
82-->[:capacitor-local-notifications] AndroidManifest.xml:17:13-43
83            android:exported="false" >
83-->[:capacitor-local-notifications] AndroidManifest.xml:18:13-37
84            <intent-filter>
84-->[:capacitor-local-notifications] AndroidManifest.xml:19:13-23:29
85                <action android:name="android.intent.action.LOCKED_BOOT_COMPLETED" />
85-->[:capacitor-local-notifications] AndroidManifest.xml:20:17-86
85-->[:capacitor-local-notifications] AndroidManifest.xml:20:25-83
86                <action android:name="android.intent.action.BOOT_COMPLETED" />
86-->[:capacitor-local-notifications] AndroidManifest.xml:21:17-79
86-->[:capacitor-local-notifications] AndroidManifest.xml:21:25-76
87                <action android:name="android.intent.action.QUICKBOOT_POWERON" />
87-->[:capacitor-local-notifications] AndroidManifest.xml:22:17-82
87-->[:capacitor-local-notifications] AndroidManifest.xml:22:25-79
88            </intent-filter>
89        </receiver>
90
91        <provider
91-->[:capacitor-local-notifications] AndroidManifest.xml:26:9-34:20
92            android:name="com.capacitorjs.plugins.localnotifications.LocalNotificationsAssetProvider"
92-->[:capacitor-local-notifications] AndroidManifest.xml:27:13-102
93            android:authorities="com.ShMJqnAZKkEl.natively.localnotifications.fileprovider"
93-->[:capacitor-local-notifications] AndroidManifest.xml:28:13-83
94            android:exported="false"
94-->[:capacitor-local-notifications] AndroidManifest.xml:29:13-37
95            android:grantUriPermissions="true" >
95-->[:capacitor-local-notifications] AndroidManifest.xml:30:13-47
96            <meta-data
96-->src\main\AndroidManifest.xml:29:13-112
97                android:name="android.support.FILE_PROVIDER_PATHS"
97-->src\main\AndroidManifest.xml:29:24-74
98                android:resource="@xml/localnotifications_provider_paths" />
98-->src\main\AndroidManifest.xml:29:75-109
99        </provider>
100
101        <activity
101-->[com.google.android.gms:play-services-base:18.5.0] AndroidManifest.xml:5:9-173
102            android:name="com.google.android.gms.common.api.GoogleApiActivity"
102-->[com.google.android.gms:play-services-base:18.5.0] AndroidManifest.xml:5:19-85
103            android:exported="false"
103-->[com.google.android.gms:play-services-base:18.5.0] AndroidManifest.xml:5:146-170
104            android:theme="@android:style/Theme.Translucent.NoTitleBar" />
104-->[com.google.android.gms:play-services-base:18.5.0] AndroidManifest.xml:5:86-145
105
106        <provider
106-->[androidx.emoji2:emoji2:1.3.0] AndroidManifest.xml:24:9-32:20
107            android:name="androidx.startup.InitializationProvider"
107-->[androidx.emoji2:emoji2:1.3.0] AndroidManifest.xml:25:13-67
108            android:authorities="com.ShMJqnAZKkEl.natively.androidx-startup"
108-->[androidx.emoji2:emoji2:1.3.0] AndroidManifest.xml:26:13-68
109            android:exported="false" >
109-->[androidx.emoji2:emoji2:1.3.0] AndroidManifest.xml:27:13-37
110            <meta-data
110-->[androidx.emoji2:emoji2:1.3.0] AndroidManifest.xml:29:13-31:52
111                android:name="androidx.emoji2.text.EmojiCompatInitializer"
111-->[androidx.emoji2:emoji2:1.3.0] AndroidManifest.xml:30:17-75
112                android:value="androidx.startup" />
112-->[androidx.emoji2:emoji2:1.3.0] AndroidManifest.xml:31:17-49
113            <meta-data
113-->[androidx.lifecycle:lifecycle-process:2.6.2] AndroidManifest.xml:29:13-31:52
114                android:name="androidx.lifecycle.ProcessLifecycleInitializer"
114-->[androidx.lifecycle:lifecycle-process:2.6.2] AndroidManifest.xml:30:17-78
115                android:value="androidx.startup" />
115-->[androidx.lifecycle:lifecycle-process:2.6.2] AndroidManifest.xml:31:17-49
116            <meta-data
116-->[androidx.profileinstaller:profileinstaller:1.4.0] AndroidManifest.xml:29:13-31:52
117                android:name="androidx.profileinstaller.ProfileInstallerInitializer"
117-->[androidx.profileinstaller:profileinstaller:1.4.0] AndroidManifest.xml:30:17-85
118                android:value="androidx.startup" />
118-->[androidx.profileinstaller:profileinstaller:1.4.0] AndroidManifest.xml:31:17-49
119        </provider>
120
121        <meta-data
121-->[com.google.android.gms:play-services-basement:18.4.0] AndroidManifest.xml:6:9-122
122            android:name="com.google.android.gms.version"
122-->[com.google.android.gms:play-services-basement:18.4.0] AndroidManifest.xml:6:20-65
123            android:value="@integer/google_play_services_version" />
123-->[com.google.android.gms:play-services-basement:18.4.0] AndroidManifest.xml:6:66-119
124
125        <receiver
125-->[androidx.profileinstaller:profileinstaller:1.4.0] AndroidManifest.xml:34:9-52:20
126            android:name="androidx.profileinstaller.ProfileInstallReceiver"
126-->[androidx.profileinstaller:profileinstaller:1.4.0] AndroidManifest.xml:35:13-76
127            android:directBootAware="false"
127-->[androidx.profileinstaller:profileinstaller:1.4.0] AndroidManifest.xml:36:13-44
128            android:enabled="true"
128-->[androidx.profileinstaller:profileinstaller:1.4.0] AndroidManifest.xml:37:13-35
129            android:exported="true"
129-->[androidx.profileinstaller:profileinstaller:1.4.0] AndroidManifest.xml:38:13-36
130            android:permission="android.permission.DUMP" >
130-->[androidx.profileinstaller:profileinstaller:1.4.0] AndroidManifest.xml:39:13-57
131            <intent-filter>
131-->[androidx.profileinstaller:profileinstaller:1.4.0] AndroidManifest.xml:40:13-42:29
132                <action android:name="androidx.profileinstaller.action.INSTALL_PROFILE" />
132-->[androidx.profileinstaller:profileinstaller:1.4.0] AndroidManifest.xml:41:17-91
132-->[androidx.profileinstaller:profileinstaller:1.4.0] AndroidManifest.xml:41:25-88
133            </intent-filter>
134            <intent-filter>
134-->[androidx.profileinstaller:profileinstaller:1.4.0] AndroidManifest.xml:43:13-45:29
135                <action android:name="androidx.profileinstaller.action.SKIP_FILE" />
135-->[androidx.profileinstaller:profileinstaller:1.4.0] AndroidManifest.xml:44:17-85
135-->[androidx.profileinstaller:profileinstaller:1.4.0] AndroidManifest.xml:44:25-82
136            </intent-filter>
137            <intent-filter>
137-->[androidx.profileinstaller:profileinstaller:1.4.0] AndroidManifest.xml:46:13-48:29
138                <action android:name="androidx.profileinstaller.action.SAVE_PROFILE" />
138-->[androidx.profileinstaller:profileinstaller:1.4.0] AndroidManifest.xml:47:17-88
138-->[androidx.profileinstaller:profileinstaller:1.4.0] AndroidManifest.xml:47:25-85
139            </intent-filter>
140            <intent-filter>
140-->[androidx.profileinstaller:profileinstaller:1.4.0] AndroidManifest.xml:49:13-51:29
141                <action android:name="androidx.profileinstaller.action.BENCHMARK_OPERATION" />
141-->[androidx.profileinstaller:profileinstaller:1.4.0] AndroidManifest.xml:50:17-95
141-->[androidx.profileinstaller:profileinstaller:1.4.0] AndroidManifest.xml:50:25-92
142            </intent-filter>
143        </receiver>
144    </application>
145
146</manifest>